1617341895811	geckodriver	INFO	Listening on 127.0.0.1:57290
1617342951474	geckodriver	INFO	Listening on 127.0.0.1:57520
1617342954501	mozrunner::runner	INFO	Running command: "G:\\firefox\\firefox.exe" "--marionette" "-foreground" "-no-remote" "-profile" "C:\\Users\\fcche\\AppData\\Local\\Temp\\rust_mozprofileU5V6nH"
console.warn: SearchSettings: "get: No settings file exists, new profile?" (new Error("", "(unknown module)"))
1617342958030	Marionette	INFO	Listening on port 57528
1617342958167	Marionette	WARN	TLS certificate errors will be ignored for this session
console.log: WebExtensions: reset-default-search: No addons in our list are installed.
1617343848625	Marionette	INFO	Stopped listening on port 57528

###!!! [Child][RunMessage] Error: Channel closing: too late to send/recv, messages will be lost

1617343890842	geckodriver	INFO	Listening on 127.0.0.1:57810
1617343893888	mozrunner::runner	INFO	Running command: "G:\\firefox\\firefox.exe" "--marionette" "-foreground" "-no-remote" "-profile" "C:\\Users\\fcche\\AppData\\Local\\Temp\\rust_mozprofileS2A3Xn"
console.warn: SearchSettings: "get: No settings file exists, new profile?" (new Error("", "(unknown module)"))
1617343897089	Marionette	INFO	Listening on port 57819
1617343897528	Marionette	WARN	TLS certificate errors will be ignored for this session
1617343899936	Marionette	INFO	Stopped listening on port 57819
console.warn: services.settings: main/whats-new-panel sync interrupted by shutdown

###!!! [Child][RunMessage] Error: Channel closing: too late to send/recv, messages will be lost

1617344456097	geckodriver	INFO	Listening on 127.0.0.1:58201
1617344459129	mozrunner::runner	INFO	Running command: "G:\\firefox\\firefox.exe" "--marionette" "-foreground" "-no-remote" "-profile" "C:\\Users\\fcche\\AppData\\Local\\Temp\\rust_mozprofileHSYpQL"
console.warn: SearchSettings: "get: No settings file exists, new profile?" (new Error("", "(unknown module)"))
1617344462085	Marionette	INFO	Listening on port 58210
1617344462311	Marionette	WARN	TLS certificate errors will be ignored for this session
1617344468828	Marionette	INFO	Stopped listening on port 58210
1617948418394	geckodriver	INFO	Listening on 127.0.0.1:65062
1617948421318	mozrunner::runner	INFO	Running command: "G:\\firefox\\firefox.exe" "--marionette" "-foreground" "-no-remote" "-profile" "C:\\Users\\fcche\\AppData\\Local\\Temp\\rust_mozprofile88lMl5"
console.warn: SearchSettings: "get: No settings file exists, new profile?" (new Error("", "(unknown module)"))
1617948428689	Marionette	INFO	Listening on port 65071
1617948428976	Marionette	WARN	TLS certificate errors will be ignored for this session
1617948429146	Marionette	INFO	Stopped listening on port 65071
console.error: Region.jsm: "Error fetching region" (new TypeError("NetworkError when attempting to fetch resource.", ""))
console.error: Region.jsm: "Failed to fetch region" (new Error("NO_RESULT", "resource://gre/modules/Region.jsm", 419))

###!!! [Child][RunMessage] Error: Channel closing: too late to send/recv, messages will be lost

1618550352548	geckodriver	INFO	Listening on 127.0.0.1:62852
1618550355671	mozrunner::runner	INFO	Running command: "G:\\firefox\\firefox.exe" "--marionette" "-foreground" "-no-remote" "-profile" "C:\\Users\\fcche\\AppData\\Local\\Temp\\rust_mozprofileeDasWx"
console.warn: SearchSettings: "get: No settings file exists, new profile?" (new Error("", "(unknown module)"))
1618550374958	Marionette	INFO	Listening on port 62860
1618550375173	Marionette	WARN	TLS certificate errors will be ignored for this session
1618550382281	Marionette	INFO	Stopped listening on port 62860
1618550436041	geckodriver	INFO	Listening on 127.0.0.1:62951
1618550439104	mozrunner::runner	INFO	Running command: "G:\\firefox\\firefox.exe" "--marionette" "-foreground" "-no-remote" "-profile" "C:\\Users\\fcche\\AppData\\Local\\Temp\\rust_mozprofile149rtm"
console.warn: SearchSettings: "get: No settings file exists, new profile?" (new Error("", "(unknown module)"))
1618550444232	Marionette	INFO	Listening on port 62960
1618550444407	Marionette	WARN	TLS certificate errors will be ignored for this session
1618550444712	Marionette	INFO	Stopped listening on port 62960
console.error: Region.jsm: "Error fetching region" (new TypeError("NetworkError when attempting to fetch resource.", ""))
console.error: Region.jsm: "Failed to fetch region" (new Error("NO_RESULT", "resource://gre/modules/Region.jsm", 419))
1618551594197	geckodriver	INFO	Listening on 127.0.0.1:49571
1618551597285	mozrunner::runner	INFO	Running command: "G:\\firefox\\firefox.exe" "--marionette" "-foreground" "-no-remote" "-profile" "C:\\Users\\fcche\\AppData\\Local\\Temp\\rust_mozprofile4QMLhb"
console.warn: SearchSettings: "get: No settings file exists, new profile?" (new Error("", "(unknown module)"))
1618551601389	Marionette	INFO	Listening on port 49580
1618551601507	Marionette	WARN	TLS certificate errors will be ignored for this session
1618551601726	Marionette	INFO	Stopped listening on port 49580
console.warn: services.settings: main/partitioning-exempt-urls sync interrupted by shutdown
console.error: Region.jsm: "Error fetching region" (new TypeError("NetworkError when attempting to fetch resource.", ""))
console.error: Region.jsm: "Failed to fetch region" (new Error("NO_RESULT", "resource://gre/modules/Region.jsm", 419))

###!!! [Child][RunMessage] Error: Channel closing: too late to send/recv, messages will be lost

1619154525024	geckodriver	INFO	Listening on 127.0.0.1:63189
1619154527892	mozrunner::runner	INFO	Running command: "G:\\firefox\\firefox.exe" "--marionette" "-foreground" "-no-remote" "-profile" "C:\\Users\\fcche\\AppData\\Local\\Temp\\rust_mozprofileBlmWFe"
console.warn: SearchSettings: "get: No settings file exists, new profile?" (new Error("", "(unknown module)"))
console.error: Region.jsm: "Error fetching region" (new TypeError("NetworkError when attempting to fetch resource.", ""))
console.error: Region.jsm: "Failed to fetch region" (new Error("NO_RESULT", "resource://gre/modules/Region.jsm", 419))
1619154553964	Marionette	INFO	Listening on port 63197
1619154554661	Marionette	WARN	TLS certificate errors will be ignored for this session
1619154558774	Marionette	INFO	Stopped listening on port 63197
[Parent 2516, IPC I/O Parent] WARNING: file /builds/worker/checkouts/gecko/ipc/chromium/src/base/process_util_win.cc:167
1619154576926	geckodriver	INFO	Listening on 127.0.0.1:52980
1619154579985	mozrunner::runner	INFO	Running command: "G:\\firefox\\firefox.exe" "--marionette" "-foreground" "-no-remote" "-profile" "C:\\Users\\fcche\\AppData\\Local\\Temp\\rust_mozprofile3YIrYz"
console.warn: SearchSettings: "get: No settings file exists, new profile?" (new Error("", "(unknown module)"))
1619154585248	Marionette	INFO	Listening on port 52988
1619154585304	Marionette	WARN	TLS certificate errors will be ignored for this session
JavaScript error: resource://gre/actors/AutoCompleteChild.jsm, line 125: Error: Invalid autocomplete selectedIndex
1619154594387	Marionette	INFO	Stopped listening on port 52988
[Parent 16372, IPC I/O Parent] WARNING: file /builds/worker/checkouts/gecko/ipc/chromium/src/base/process_util_win.cc:167

###!!! [Child][RunMessage] Error: Channel closing: too late to send/recv, messages will be lost

1619154680851	geckodriver	INFO	Listening on 127.0.0.1:62249
1619154683897	mozrunner::runner	INFO	Running command: "G:\\firefox\\firefox.exe" "--marionette" "-foreground" "-no-remote" "-profile" "C:\\Users\\fcche\\AppData\\Local\\Temp\\rust_mozprofile0SZaEv"
console.warn: SearchSettings: "get: No settings file exists, new profile?" (new Error("", "(unknown module)"))
1619154687950	Marionette	INFO	Listening on port 62258
1619154688144	Marionette	WARN	TLS certificate errors will be ignored for this session
JavaScript error: resource://gre/actors/AutoCompleteChild.jsm, line 125: Error: Invalid autocomplete selectedIndex
1619154689447	Marionette	INFO	Stopped listening on port 62258
[Parent 4748, IPC I/O Parent] WARNING: file /builds/worker/checkouts/gecko/ipc/chromium/src/base/process_util_win.cc:167
[Parent 4748, IPC I/O Parent] WARNING: file /builds/worker/checkouts/gecko/ipc/chromium/src/base/process_util_win.cc:167
1619154764763	geckodriver	INFO	Listening on 127.0.0.1:62323
1619154767817	mozrunner::runner	INFO	Running command: "G:\\firefox\\firefox.exe" "--marionette" "-foreground" "-no-remote" "-profile" "C:\\Users\\fcche\\AppData\\Local\\Temp\\rust_mozprofilek1coXT"
console.warn: SearchSettings: "get: No settings file exists, new profile?" (new Error("", "(unknown module)"))
1619154771792	Marionette	INFO	Listening on port 62337
1619154772075	Marionette	WARN	TLS certificate errors will be ignored for this session
JavaScript error: resource://gre/actors/AutoCompleteChild.jsm, line 125: Error: Invalid autocomplete selectedIndex
1619154773377	Marionette	INFO	Stopped listening on port 62337
[Parent 4580, IPC I/O Parent] WARNING: file /builds/worker/checkouts/gecko/ipc/chromium/src/base/process_util_win.cc:167
1619154858790	geckodriver	INFO	Listening on 127.0.0.1:62521
1619154861847	mozrunner::runner	INFO	Running command: "G:\\firefox\\firefox.exe" "--marionette" "-foreground" "-no-remote" "-profile" "C:\\Users\\fcche\\AppData\\Local\\Temp\\rust_mozprofileTZmxpn"
console.warn: SearchSettings: "get: No settings file exists, new profile?" (new Error("", "(unknown module)"))
1619154865997	Marionette	INFO	Listening on port 62530
1619154866092	Marionette	WARN	TLS certificate errors will be ignored for this session
JavaScript error: resource://gre/actors/AutoCompleteChild.jsm, line 125: Error: Invalid autocomplete selectedIndex
1619154867507	Marionette	INFO	Stopped listening on port 62530

###!!! [Child][RunMessage] Error: Channel closing: too late to send/recv, messages will be lost

1619155177255	geckodriver	INFO	Listening on 127.0.0.1:61642
1619155180316	mozrunner::runner	INFO	Running command: "G:\\firefox\\firefox.exe" "--marionette" "-foreground" "-no-remote" "-profile" "C:\\Users\\fcche\\AppData\\Local\\Temp\\rust_mozprofileuzU817"
console.warn: SearchSettings: "get: No settings file exists, new profile?" (new Error("", "(unknown module)"))
1619155185038	Marionette	INFO	Listening on port 61650
1619155185127	Marionette	WARN	TLS certificate errors will be ignored for this session
JavaScript error: resource://gre/actors/AutoCompleteChild.jsm, line 125: Error: Invalid autocomplete selectedIndex
1619155186877	Marionette	INFO	Stopped listening on port 61650
[Parent 644, IPC I/O Parent] WARNING: file /builds/worker/checkouts/gecko/ipc/chromium/src/base/process_util_win.cc:167
1619155343910	geckodriver	INFO	Listening on 127.0.0.1:63989
1619155346995	mozrunner::runner	INFO	Running command: "G:\\firefox\\firefox.exe" "--marionette" "-foreground" "-no-remote" "-profile" "C:\\Users\\fcche\\AppData\\Local\\Temp\\rust_mozprofilelnJIti"
console.warn: SearchSettings: "get: No settings file exists, new profile?" (new Error("", "(unknown module)"))
1619155350968	Marionette	INFO	Listening on port 63998
1619155351247	Marionette	WARN	TLS certificate errors will be ignored for this session
JavaScript error: resource://gre/actors/AutoCompleteChild.jsm, line 125: Error: Invalid autocomplete selectedIndex
1619155361612	Marionette	INFO	Stopped listening on port 63998

###!!! [Child][RunMessage] Error: Channel closing: too late to send/recv, messages will be lost

1619155636860	geckodriver	INFO	Listening on 127.0.0.1:64104
1619155639927	mozrunner::runner	INFO	Running command: "G:\\firefox\\firefox.exe" "--marionette" "-foreground" "-no-remote" "-profile" "C:\\Users\\fcche\\AppData\\Local\\Temp\\rust_mozprofileKPLpmf"
console.warn: SearchSettings: "get: No settings file exists, new profile?" (new Error("", "(unknown module)"))
1619155644259	Marionette	INFO	Listening on port 54281
1619155644794	Marionette	WARN	TLS certificate errors will be ignored for this session
JavaScript error: resource://gre/actors/AutoCompleteChild.jsm, line 125: Error: Invalid autocomplete selectedIndex
1619155646133	Marionette	INFO	Stopped listening on port 54281
[Parent 8288, IPC I/O Parent] WARNING: file /builds/worker/checkouts/gecko/ipc/chromium/src/base/process_util_win.cc:167
1619157305110	geckodriver	INFO	Listening on 127.0.0.1:53567
1619157308169	mozrunner::runner	INFO	Running command: "G:\\firefox\\firefox.exe" "--marionette" "-foreground" "-no-remote" "-profile" "C:\\Users\\fcche\\AppData\\Local\\Temp\\rust_mozprofileHy2dOt"
console.warn: SearchSettings: "get: No settings file exists, new profile?" (new Error("", "(unknown module)"))
1619157312379	Marionette	INFO	Listening on port 53576
1619157312493	Marionette	WARN	TLS certificate errors will be ignored for this session
JavaScript error: resource://gre/actors/AutoCompleteChild.jsm, line 125: Error: Invalid autocomplete selectedIndex
1619157313852	Marionette	INFO	Stopped listening on port 53576
[Parent 8644, IPC I/O Parent] WARNING: file /builds/worker/checkouts/gecko/ipc/chromium/src/base/process_util_win.cc:167

###!!! [Child][RunMessage] Error: Channel closing: too late to send/recv, messages will be lost

1619158174269	geckodriver	INFO	Listening on 127.0.0.1:53850
1619158177366	mozrunner::runner	INFO	Running command: "G:\\firefox\\firefox.exe" "--marionette" "-foreground" "-no-remote" "-profile" "C:\\Users\\fcche\\AppData\\Local\\Temp\\rust_mozprofilec0944G"
console.warn: SearchSettings: "get: No settings file exists, new profile?" (new Error("", "(unknown module)"))
1619158182121	Marionette	INFO	Listening on port 53859
1619158182220	Marionette	WARN	TLS certificate errors will be ignored for this session
JavaScript error: resource://gre/actors/AutoCompleteChild.jsm, line 125: Error: Invalid autocomplete selectedIndex
1619158183565	Marionette	INFO	Stopped listening on port 53859
console.error: services.settings: 
  main/cfr Signature failed  TypeError: NetworkError when attempting to fetch resource.

###!!! [Child][RunMessage] Error: Channel closing: too late to send/recv, messages will be lost

1619158403661	geckodriver	INFO	Listening on 127.0.0.1:55911
1619158406717	mozrunner::runner	INFO	Running command: "G:\\firefox\\firefox.exe" "--marionette" "-foreground" "-no-remote" "-profile" "C:\\Users\\fcche\\AppData\\Local\\Temp\\rust_mozprofileQbEk2U"
console.warn: SearchSettings: "get: No settings file exists, new profile?" (new Error("", "(unknown module)"))
1619158410709	Marionette	INFO	Listening on port 55920
1619158410954	Marionette	WARN	TLS certificate errors will be ignored for this session
JavaScript error: resource://gre/actors/AutoCompleteChild.jsm, line 125: Error: Invalid autocomplete selectedIndex
1619158412265	Marionette	INFO	Stopped listening on port 55920
[Parent 10876, IPC I/O Parent] WARNING: file /builds/worker/checkouts/gecko/ipc/chromium/src/base/process_util_win.cc:167
[Parent 10876, IPC I/O Parent] WARNING: file /builds/worker/checkouts/gecko/ipc/chromium/src/base/process_util_win.cc:167

###!!! [Child][RunMessage] Error: Channel closing: too late to send/recv, messages will be lost

1619158464671	geckodriver	INFO	Listening on 127.0.0.1:55972
1619158467754	mozrunner::runner	INFO	Running command: "G:\\firefox\\firefox.exe" "--marionette" "-foreground" "-no-remote" "-profile" "C:\\Users\\fcche\\AppData\\Local\\Temp\\rust_mozprofileP3e1N5"
console.warn: SearchSettings: "get: No settings file exists, new profile?" (new Error("", "(unknown module)"))
1619158472009	Marionette	INFO	Listening on port 55982
1619158472072	Marionette	WARN	TLS certificate errors will be ignored for this session
JavaScript error: resource://gre/actors/AutoCompleteChild.jsm, line 125: Error: Invalid autocomplete selectedIndex
1619158473535	Marionette	INFO	Stopped listening on port 55982

###!!! [Child][RunMessage] Error: Channel closing: too late to send/recv, messages will be lost

1619158557920	geckodriver	INFO	Listening on 127.0.0.1:56044
1619158560996	mozrunner::runner	INFO	Running command: "G:\\firefox\\firefox.exe" "--marionette" "-foreground" "-no-remote" "-profile" "C:\\Users\\fcche\\AppData\\Local\\Temp\\rust_mozprofileBf7h5W"
console.warn: SearchSettings: "get: No settings file exists, new profile?" (new Error("", "(unknown module)"))
1619158565479	Marionette	INFO	Listening on port 56052
1619158565869	Marionette	WARN	TLS certificate errors will be ignored for this session
JavaScript error: resource://gre/actors/AutoCompleteChild.jsm, line 125: Error: Invalid autocomplete selectedIndex
1619158567300	Marionette	INFO	Stopped listening on port 56052
[Parent 8288, IPC I/O Parent] WARNING: file /builds/worker/checkouts/gecko/ipc/chromium/src/base/process_util_win.cc:167
1619158615711	geckodriver	INFO	Listening on 127.0.0.1:56100
1619158618785	mozrunner::runner	INFO	Running command: "G:\\firefox\\firefox.exe" "--marionette" "-foreground" "-no-remote" "-profile" "C:\\Users\\fcche\\AppData\\Local\\Temp\\rust_mozprofileuX5IcD"
console.warn: SearchSettings: "get: No settings file exists, new profile?" (new Error("", "(unknown module)"))
1619158622710	Marionette	INFO	Listening on port 56109
1619158622998	Marionette	WARN	TLS certificate errors will be ignored for this session
JavaScript error: resource://gre/actors/AutoCompleteChild.jsm, line 125: Error: Invalid autocomplete selectedIndex
1619158624345	Marionette	INFO	Stopped listening on port 56109
console.error: services.settings: 
  main/cfr Signature failed  TypeError: NetworkError when attempting to fetch resource.
[Parent 16456, IPC I/O Parent] WARNING: file /builds/worker/checkouts/gecko/ipc/chromium/src/base/process_util_win.cc:167

###!!! [Child][RunMessage] Error: Channel closing: too late to send/recv, messages will be lost

1619159247691	geckodriver	INFO	Listening on 127.0.0.1:56274
1619159250748	mozrunner::runner	INFO	Running command: "G:\\firefox\\firefox.exe" "--marionette" "-foreground" "-no-remote" "-profile" "C:\\Users\\fcche\\AppData\\Local\\Temp\\rust_mozprofilepKFPSP"
console.warn: SearchSettings: "get: No settings file exists, new profile?" (new Error("", "(unknown module)"))
1619159254717	Marionette	INFO	Listening on port 56282
1619159254948	Marionette	WARN	TLS certificate errors will be ignored for this session
JavaScript error: resource://gre/actors/AutoCompleteChild.jsm, line 125: Error: Invalid autocomplete selectedIndex
1619159256264	Marionette	INFO	Stopped listening on port 56282

###!!! [Child][RunMessage] Error: Channel closing: too late to send/recv, messages will be lost

1620364017388	geckodriver	INFO	Listening on 127.0.0.1:51367
1620364020150	mozrunner::runner	INFO	Running command: "G:\\firefox\\firefox.exe" "--marionette" "-foreground" "-no-remote" "-profile" "C:\\Users\\fcche\\AppData\\Local\\Temp\\rust_mozprofileUbZo72"
console.warn: SearchSettings: "get: No settings file exists, new profile?" (new Error("", "(unknown module)"))
1620364040610	Marionette	INFO	Listening on port 51376
1620364041417	Marionette	WARN	TLS certificate errors will be ignored for this session
JavaScript error: resource://gre/actors/AutoCompleteChild.jsm, line 125: Error: Invalid autocomplete selectedIndex
1620364044443	Marionette	INFO	Stopped listening on port 51376
1620368825075	geckodriver	INFO	Listening on 127.0.0.1:50340
1620368828317	mozrunner::runner	INFO	Running command: "G:\\firefox\\firefox.exe" "--marionette" "-foreground" "-no-remote" "-profile" "C:\\Users\\fcche\\AppData\\Local\\Temp\\rust_mozprofileEEPluY"
console.warn: SearchSettings: "get: No settings file exists, new profile?" (new Error("", "(unknown module)"))
1620368834920	Marionette	INFO	Listening on port 50348
1620368835380	Marionette	WARN	TLS certificate errors will be ignored for this session
1620368835948	Marionette	INFO	Stopped listening on port 50348

###!!! [Child][RunMessage] Error: Channel closing: too late to send/recv, messages will be lost

1620369083614	geckodriver	INFO	Listening on 127.0.0.1:50458
1620369086671	mozrunner::runner	INFO	Running command: "G:\\firefox\\firefox.exe" "--marionette" "-foreground" "-no-remote" "-profile" "C:\\Users\\fcche\\AppData\\Local\\Temp\\rust_mozprofilezKVSUt"
console.warn: SearchSettings: "get: No settings file exists, new profile?" (new Error("", "(unknown module)"))
1620369089692	Marionette	INFO	Listening on port 50466
1620369089860	Marionette	WARN	TLS certificate errors will be ignored for this session
[Parent 2416, IPC I/O Parent] WARNING: file /builds/worker/checkouts/gecko/ipc/chromium/src/base/process_util_win.cc:167
JavaScript error: resource://gre/actors/AutoCompleteChild.jsm, line 125: Error: Invalid autocomplete selectedIndex
1620369091145	Marionette	INFO	Stopped listening on port 50466

###!!! [Child][RunMessage] Error: Channel closing: too late to send/recv, messages will be lost

1620369185279	geckodriver	INFO	Listening on 127.0.0.1:60364
1620369188300	mozrunner::runner	INFO	Running command: "G:\\firefox\\firefox.exe" "--marionette" "-foreground" "-no-remote" "-profile" "C:\\Users\\fcche\\AppData\\Local\\Temp\\rust_mozprofile1LmIr6"
console.warn: SearchSettings: "get: No settings file exists, new profile?" (new Error("", "(unknown module)"))
1620369191056	Marionette	INFO	Listening on port 60372
1620369191483	Marionette	WARN	TLS certificate errors will be ignored for this session
JavaScript error: resource://gre/actors/AutoCompleteChild.jsm, line 125: Error: Invalid autocomplete selectedIndex
1620369192781	Marionette	INFO	Stopped listening on port 60372
[Parent 9892, IPC I/O Parent] WARNING: file /builds/worker/checkouts/gecko/ipc/chromium/src/base/process_util_win.cc:167
[Parent 9892, IPC I/O Parent] WARNING: file /builds/worker/checkouts/gecko/ipc/chromium/src/base/process_util_win.cc:167

###!!! [Child][RunMessage] Error: Channel closing: too late to send/recv, messages will be lost

1620369210788	geckodriver	INFO	Listening on 127.0.0.1:60416
1620369213839	mozrunner::runner	INFO	Running command: "G:\\firefox\\firefox.exe" "--marionette" "-foreground" "-no-remote" "-profile" "C:\\Users\\fcche\\AppData\\Local\\Temp\\rust_mozprofileK6EtFR"
console.warn: SearchSettings: "get: No settings file exists, new profile?" (new Error("", "(unknown module)"))
1620369216499	Marionette	INFO	Listening on port 60424
1620369217013	Marionette	WARN	TLS certificate errors will be ignored for this session
JavaScript error: resource://gre/actors/AutoCompleteChild.jsm, line 125: Error: Invalid autocomplete selectedIndex
1620369218270	Marionette	INFO	Stopped listening on port 60424
[Parent 5920, IPC I/O Parent] WARNING: file /builds/worker/checkouts/gecko/ipc/chromium/src/base/process_util_win.cc:167

###!!! [Child][RunMessage] Error: Channel closing: too late to send/recv, messages will be lost

1620369226170	geckodriver	INFO	Listening on 127.0.0.1:60466
1620369229220	mozrunner::runner	INFO	Running command: "G:\\firefox\\firefox.exe" "--marionette" "-foreground" "-no-remote" "-profile" "C:\\Users\\fcche\\AppData\\Local\\Temp\\rust_mozprofilexwJuY9"
console.warn: SearchSettings: "get: No settings file exists, new profile?" (new Error("", "(unknown module)"))
1620369232032	Marionette	INFO	Listening on port 60476
1620369232403	Marionette	WARN	TLS certificate errors will be ignored for this session
JavaScript error: resource://gre/actors/AutoCompleteChild.jsm, line 125: Error: Invalid autocomplete selectedIndex
1620369233733	Marionette	INFO	Stopped listening on port 60476
[Parent 13444, IPC I/O Parent] WARNING: file /builds/worker/checkouts/gecko/ipc/chromium/src/base/process_util_win.cc:167

###!!! [Child][RunMessage] Error: Channel closing: too late to send/recv, messages will be lost

1620369467585	geckodriver	INFO	Listening on 127.0.0.1:60561
1620369470620	mozrunner::runner	INFO	Running command: "G:\\firefox\\firefox.exe" "--marionette" "-foreground" "-no-remote" "-profile" "C:\\Users\\fcche\\AppData\\Local\\Temp\\rust_mozprofile0yOw02"
console.warn: SearchSettings: "get: No settings file exists, new profile?" (new Error("", "(unknown module)"))
1620369473214	Marionette	INFO	Listening on port 60570
1620369473308	Marionette	WARN	TLS certificate errors will be ignored for this session
1620369473371	Marionette	INFO	Stopped listening on port 60570
console.warn: services.settings: main/message-groups sync interrupted by shutdown
console.error: Region.jsm: "Error fetching region" (new TypeError("NetworkError when attempting to fetch resource.", ""))
console.error: Region.jsm: "Failed to fetch region" (new Error("NO_RESULT", "resource://gre/modules/Region.jsm", 419))
console.error: services.settings: 
  main/fxmonitor-breaches Signature failed  TypeError: NetworkError when attempting to fetch resource.
1620369542491	geckodriver	INFO	Listening on 127.0.0.1:60607
1620369545533	mozrunner::runner	INFO	Running command: "G:\\firefox\\firefox.exe" "--marionette" "-foreground" "-no-remote" "-profile" "C:\\Users\\fcche\\AppData\\Local\\Temp\\rust_mozprofilelDEoiF"
console.warn: SearchSettings: "get: No settings file exists, new profile?" (new Error("", "(unknown module)"))
1620369548219	Marionette	INFO	Listening on port 60615
1620369548711	Marionette	WARN	TLS certificate errors will be ignored for this session
JavaScript error: resource://gre/actors/AutoCompleteChild.jsm, line 125: Error: Invalid autocomplete selectedIndex
1620369549951	Marionette	INFO	Stopped listening on port 60615
[Parent 8608, IPC I/O Parent] WARNING: file /builds/worker/checkouts/gecko/ipc/chromium/src/base/process_util_win.cc:167
[Parent 8608, IPC I/O Parent] WARNING: file /builds/worker/checkouts/gecko/ipc/chromium/src/base/process_util_win.cc:167

###!!! [Child][RunMessage] Error: Channel closing: too late to send/recv, messages will be lost

1620369918774	geckodriver	INFO	Listening on 127.0.0.1:53689
1620369921847	mozrunner::runner	INFO	Running command: "G:\\firefox\\firefox.exe" "--marionette" "-foreground" "-no-remote" "-profile" "C:\\Users\\fcche\\AppData\\Local\\Temp\\rust_mozprofilefIR798"
console.warn: SearchSettings: "get: No settings file exists, new profile?" (new Error("", "(unknown module)"))
1620369924810	Marionette	INFO	Listening on port 53698
1620369925046	Marionette	WARN	TLS certificate errors will be ignored for this session
JavaScript error: resource://gre/actors/AutoCompleteChild.jsm, line 125: Error: Invalid autocomplete selectedIndex
1620369926374	Marionette	INFO	Stopped listening on port 53698
console.warn: services.settings: main/whats-new-panel sync interrupted by shutdown

###!!! [Child][RunMessage] Error: Channel closing: too late to send/recv, messages will be lost

1620369930759	geckodriver	INFO	Listening on 127.0.0.1:53743
1620369933809	mozrunner::runner	INFO	Running command: "G:\\firefox\\firefox.exe" "--marionette" "-foreground" "-no-remote" "-profile" "C:\\Users\\fcche\\AppData\\Local\\Temp\\rust_mozprofileL8C2ox"
console.warn: SearchSettings: "get: No settings file exists, new profile?" (new Error("", "(unknown module)"))
1620369936799	Marionette	INFO	Listening on port 53751
1620369937015	Marionette	WARN	TLS certificate errors will be ignored for this session
[Parent 8432, IPC I/O Parent] WARNING: file /builds/worker/checkouts/gecko/ipc/chromium/src/base/process_util_win.cc:167
JavaScript error: resource://gre/actors/AutoCompleteChild.jsm, line 125: Error: Invalid autocomplete selectedIndex
1620369938297	Marionette	INFO	Stopped listening on port 53751
[Parent 8432, IPC I/O Parent] WARNING: file /builds/worker/checkouts/gecko/ipc/chromium/src/base/process_util_win.cc:167
1620369981199	geckodriver	INFO	Listening on 127.0.0.1:53796
1620369984227	mozrunner::runner	INFO	Running command: "G:\\firefox\\firefox.exe" "--marionette" "-foreground" "-no-remote" "-profile" "C:\\Users\\fcche\\AppData\\Local\\Temp\\rust_mozprofile9TffXg"
console.warn: SearchSettings: "get: No settings file exists, new profile?" (new Error("", "(unknown module)"))
1620369987231	Marionette	INFO	Listening on port 53804
1620369987419	Marionette	WARN	TLS certificate errors will be ignored for this session
JavaScript error: resource://gre/actors/AutoCompleteChild.jsm, line 125: Error: Invalid autocomplete selectedIndex
1620369988693	Marionette	INFO	Stopped listening on port 53804

###!!! [Child][RunMessage] Error: Channel closing: too late to send/recv, messages will be lost

1620369994635	geckodriver	INFO	Listening on 127.0.0.1:53844
1620369997653	mozrunner::runner	INFO	Running command: "G:\\firefox\\firefox.exe" "--marionette" "-foreground" "-no-remote" "-profile" "C:\\Users\\fcche\\AppData\\Local\\Temp\\rust_mozprofileAQzXvm"
console.warn: SearchSettings: "get: No settings file exists, new profile?" (new Error("", "(unknown module)"))
1620370000230	Marionette	INFO	Listening on port 53852
1620370000319	Marionette	WARN	TLS certificate errors will be ignored for this session
JavaScript error: resource://gre/actors/AutoCompleteChild.jsm, line 125: Error: Invalid autocomplete selectedIndex
1620370001694	Marionette	INFO	Stopped listening on port 53852
1620370006909	geckodriver	INFO	Listening on 127.0.0.1:53890
1620370009912	mozrunner::runner	INFO	Running command: "G:\\firefox\\firefox.exe" "--marionette" "-foreground" "-no-remote" "-profile" "C:\\Users\\fcche\\AppData\\Local\\Temp\\rust_mozprofile0lE3s1"
console.warn: SearchSettings: "get: No settings file exists, new profile?" (new Error("", "(unknown module)"))
1620370012623	Marionette	INFO	Listening on port 53899
1620370013081	Marionette	WARN	TLS certificate errors will be ignored for this session
JavaScript error: resource://gre/actors/AutoCompleteChild.jsm, line 125: Error: Invalid autocomplete selectedIndex
1620370014327	Marionette	INFO	Stopped listening on port 53899
1620370318663	geckodriver	INFO	Listening on 127.0.0.1:53995
1620370321712	mozrunner::runner	INFO	Running command: "G:\\firefox\\firefox.exe" "--marionette" "-foreground" "-no-remote" "-profile" "C:\\Users\\fcche\\AppData\\Local\\Temp\\rust_mozprofileEH3q0D"
console.warn: SearchSettings: "get: No settings file exists, new profile?" (new Error("", "(unknown module)"))
1620370324607	Marionette	INFO	Listening on port 54004
1620370324880	Marionette	WARN	TLS certificate errors will be ignored for this session
JavaScript error: resource://gre/actors/AutoCompleteChild.jsm, line 125: Error: Invalid autocomplete selectedIndex
1620370326212	Marionette	INFO	Stopped listening on port 54004
[Parent 11252, IPC I/O Parent] WARNING: file /builds/worker/checkouts/gecko/ipc/chromium/src/base/process_util_win.cc:167

###!!! [Child][RunMessage] Error: Channel closing: too late to send/recv, messages will be lost

1620370585987	geckodriver	INFO	Listening on 127.0.0.1:54075
1620370589042	mozrunner::runner	INFO	Running command: "G:\\firefox\\firefox.exe" "--marionette" "-foreground" "-no-remote" "-profile" "C:\\Users\\fcche\\AppData\\Local\\Temp\\rust_mozprofilefico0z"
console.warn: SearchSettings: "get: No settings file exists, new profile?" (new Error("", "(unknown module)"))
1620370592014	Marionette	INFO	Listening on port 54083
1620370592217	Marionette	WARN	TLS certificate errors will be ignored for this session
[Parent 10620, IPC I/O Parent] WARNING: file /builds/worker/checkouts/gecko/ipc/chromium/src/base/process_util_win.cc:167
JavaScript error: resource://gre/actors/AutoCompleteChild.jsm, line 125: Error: Invalid autocomplete selectedIndex
1620370593569	Marionette	INFO	Stopped listening on port 54083
[Parent 10620, IPC I/O Parent] WARNING: file /builds/worker/checkouts/gecko/ipc/chromium/src/base/process_util_win.cc:167
[Parent 10620, IPC I/O Parent] WARNING: file /builds/worker/checkouts/gecko/ipc/chromium/src/base/process_util_win.cc:167

###!!! [Child][RunMessage] Error: Channel closing: too late to send/recv, messages will be lost

1620370596832	geckodriver	INFO	Listening on 127.0.0.1:54122
1620370599886	mozrunner::runner	INFO	Running command: "G:\\firefox\\firefox.exe" "--marionette" "-foreground" "-no-remote" "-profile" "C:\\Users\\fcche\\AppData\\Local\\Temp\\rust_mozprofileFyOuxs"
console.warn: SearchSettings: "get: No settings file exists, new profile?" (new Error("", "(unknown module)"))
1620370602646	Marionette	INFO	Listening on port 54131
1620370603071	Marionette	WARN	TLS certificate errors will be ignored for this session
JavaScript error: resource://gre/actors/AutoCompleteChild.jsm, line 125: Error: Invalid autocomplete selectedIndex
1620370604368	Marionette	INFO	Stopped listening on port 54131
[Parent 4876, IPC I/O Parent] WARNING: file /builds/worker/checkouts/gecko/ipc/chromium/src/base/process_util_win.cc:167
1620370675836	geckodriver	INFO	Listening on 127.0.0.1:54176
1620370678880	mozrunner::runner	INFO	Running command: "G:\\firefox\\firefox.exe" "--marionette" "-foreground" "-no-remote" "-profile" "C:\\Users\\fcche\\AppData\\Local\\Temp\\rust_mozprofileUIEIKb"
console.warn: SearchSettings: "get: No settings file exists, new profile?" (new Error("", "(unknown module)"))
1620370681642	Marionette	INFO	Listening on port 54184
1620370682029	Marionette	WARN	TLS certificate errors will be ignored for this session
JavaScript error: resource://gre/actors/AutoCompleteChild.jsm, line 125: Error: Invalid autocomplete selectedIndex
1620370683408	Marionette	INFO	Stopped listening on port 54184
[Parent 9000, IPC I/O Parent] WARNING: file /builds/worker/checkouts/gecko/ipc/chromium/src/base/process_util_win.cc:167
[Parent 9000, IPC I/O Parent] WARNING: file /builds/worker/checkouts/gecko/ipc/chromium/src/base/process_util_win.cc:167

###!!! [Child][RunMessage] Error: Channel closing: too late to send/recv, messages will be lost

1620370951113	geckodriver	INFO	Listening on 127.0.0.1:60953
1620370954131	mozrunner::runner	INFO	Running command: "G:\\firefox\\firefox.exe" "--marionette" "-foreground" "-no-remote" "-profile" "C:\\Users\\fcche\\AppData\\Local\\Temp\\rust_mozprofilehhquhD"
console.warn: SearchSettings: "get: No settings file exists, new profile?" (new Error("", "(unknown module)"))
1620370957663	Marionette	INFO	Listening on port 60961
1620370957808	Marionette	WARN	TLS certificate errors will be ignored for this session
JavaScript error: resource://gre/actors/AutoCompleteChild.jsm, line 125: Error: Invalid autocomplete selectedIndex
1620370959148	Marionette	INFO	Stopped listening on port 60961
[Parent 1504, IPC I/O Parent] WARNING: file /builds/worker/checkouts/gecko/ipc/chromium/src/base/process_util_win.cc:167

###!!! [Child][RunMessage] Error: Channel closing: too late to send/recv, messages will be lost

1620371002637	geckodriver	INFO	Listening on 127.0.0.1:61004
1620371005679	mozrunner::runner	INFO	Running command: "G:\\firefox\\firefox.exe" "--marionette" "-foreground" "-no-remote" "-profile" "C:\\Users\\fcche\\AppData\\Local\\Temp\\rust_mozprofile9KSv1R"
console.warn: SearchSettings: "get: No settings file exists, new profile?" (new Error("", "(unknown module)"))
1620371008669	Marionette	INFO	Listening on port 61012
1620371008876	Marionette	WARN	TLS certificate errors will be ignored for this session
[Parent 6576, IPC I/O Parent] WARNING: file /builds/worker/checkouts/gecko/ipc/chromium/src/base/process_util_win.cc:167
JavaScript error: resource://gre/actors/AutoCompleteChild.jsm, line 125: Error: Invalid autocomplete selectedIndex
1620371010320	Marionette	INFO	Stopped listening on port 61012
[Parent 6576, IPC I/O Parent] WARNING: file /builds/worker/checkouts/gecko/ipc/chromium/src/base/process_util_win.cc:167
[Parent 6576, IPC I/O Parent] WARNING: file /builds/worker/checkouts/gecko/ipc/chromium/src/base/process_util_win.cc:167

###!!! [Child][RunMessage] Error: Channel closing: too late to send/recv, messages will be lost

1620371312389	geckodriver	INFO	Listening on 127.0.0.1:60077
1620371315475	mozrunner::runner	INFO	Running command: "G:\\firefox\\firefox.exe" "--marionette" "-foreground" "-no-remote" "-profile" "C:\\Users\\fcche\\AppData\\Local\\Temp\\rust_mozprofilemnNSVN"
console.warn: SearchSettings: "get: No settings file exists, new profile?" (new Error("", "(unknown module)"))
1620371318297	Marionette	INFO	Listening on port 60085
1620371318676	Marionette	WARN	TLS certificate errors will be ignored for this session
JavaScript error: resource://gre/actors/AutoCompleteChild.jsm, line 125: Error: Invalid autocomplete selectedIndex
1620371320957	Marionette	INFO	Stopped listening on port 60085

###!!! [Child][RunMessage] Error: Channel closing: too late to send/recv, messages will be lost

1620371358841	geckodriver	INFO	Listening on 127.0.0.1:60130
1620371361895	mozrunner::runner	INFO	Running command: "G:\\firefox\\firefox.exe" "--marionette" "-foreground" "-no-remote" "-profile" "C:\\Users\\fcche\\AppData\\Local\\Temp\\rust_mozprofileskRSkO"
console.warn: SearchSettings: "get: No settings file exists, new profile?" (new Error("", "(unknown module)"))
1620371364908	Marionette	INFO	Listening on port 60139
1620371365074	Marionette	WARN	TLS certificate errors will be ignored for this session
[Parent 1504, IPC I/O Parent] WARNING: file /builds/worker/checkouts/gecko/ipc/chromium/src/base/process_util_win.cc:167
JavaScript error: resource://gre/actors/AutoCompleteChild.jsm, line 125: Error: Invalid autocomplete selectedIndex
1620371367558	Marionette	INFO	Stopped listening on port 60139

###!!! [Child][RunMessage] Error: Channel closing: too late to send/recv, messages will be lost

1620969296893	geckodriver	INFO	Listening on 127.0.0.1:57126
1620969299846	mozrunner::runner	INFO	Running command: "G:\\firefox\\firefox.exe" "--marionette" "-foreground" "-no-remote" "-profile" "C:\\Users\\fcche\\AppData\\Local\\Temp\\rust_mozprofilez5cA8x"
console.warn: SearchSettings: "get: No settings file exists, new profile?" (new Error("", "(unknown module)"))
console.error: (new Error("Connection closed before committing the transaction.", "resource://gre/modules/Sqlite.jsm", 687))

###!!! [Child][RunMessage] Error: Channel closing: too late to send/recv, messages will be lost

1620969655431	geckodriver	INFO	Listening on 127.0.0.1:58228
1620969658431	mozrunner::runner	INFO	Running command: "G:\\firefox\\firefox.exe" "--marionette" "-foreground" "-no-remote" "-profile" "C:\\Users\\fcche\\AppData\\Local\\Temp\\rust_mozprofileJqivpc"
console.warn: SearchSettings: "get: No settings file exists, new profile?" (new Error("", "(unknown module)"))
1620969662395	Marionette	INFO	Listening on port 58237
1620969662846	Marionette	WARN	TLS certificate errors will be ignored for this session
[Parent 13156, IPC I/O Parent] WARNING: file /builds/worker/checkouts/gecko/ipc/chromium/src/base/process_util_win.cc:167
1620969663028	Marionette	INFO	Stopped listening on port 58237

###!!! [Child][RunMessage] Error: Channel closing: too late to send/recv, messages will be lost

1620969711690	geckodriver	INFO	Listening on 127.0.0.1:58277
1620969714710	mozrunner::runner	INFO	Running command: "G:\\firefox\\firefox.exe" "--marionette" "-foreground" "-no-remote" "-profile" "C:\\Users\\fcche\\AppData\\Local\\Temp\\rust_mozprofiledhqIJK"
console.warn: SearchSettings: "get: No settings file exists, new profile?" (new Error("", "(unknown module)"))
1620969718297	Marionette	INFO	Listening on port 58285
1620969718425	Marionette	WARN	TLS certificate errors will be ignored for this session
[Parent 5564, IPC I/O Parent] WARNING: file /builds/worker/checkouts/gecko/ipc/chromium/src/base/process_util_win.cc:167
JavaScript error: resource://gre/actors/AutoCompleteChild.jsm, line 125: Error: Invalid autocomplete selectedIndex
1620969723082	Marionette	INFO	Stopped listening on port 58285

###!!! [Child][RunMessage] Error: Channel closing: too late to send/recv, messages will be lost

1620969762092	geckodriver	INFO	Listening on 127.0.0.1:58336
1620969765140	mozrunner::runner	INFO	Running command: "G:\\firefox\\firefox.exe" "--marionette" "-foreground" "-no-remote" "-profile" "C:\\Users\\fcche\\AppData\\Local\\Temp\\rust_mozprofiletM2tCh"
console.warn: SearchSettings: "get: No settings file exists, new profile?" (new Error("", "(unknown module)"))
1620969768358	Marionette	INFO	Listening on port 58344
1620969768837	Marionette	WARN	TLS certificate errors will be ignored for this session
JavaScript error: resource://gre/actors/AutoCompleteChild.jsm, line 125: Error: Invalid autocomplete selectedIndex
1620969780135	Marionette	INFO	Stopped listening on port 58344

###!!! [Child][RunMessage] Error: Channel closing: too late to send/recv, messages will be lost

1620970285375	geckodriver	INFO	Listening on 127.0.0.1:53944
1620970288445	mozrunner::runner	INFO	Running command: "C:\\Program Files\\Mozilla Firefox\\firefox.exe" "--marionette" "-foreground" "-no-remote" "-profile" "C:\\Users\\HP\\AppData\\Local\\Temp\\rust_mozprofile0U2BIu"
1620970288782	Marionette	INFO	Marionette enabled
console.warn: SearchSettings: "get: No settings file exists, new profile?" (new Error("", "(unknown module)"))
1620970290615	Marionette	INFO	Listening on port 53953
1620970291107	Marionette	WARN	TLS certificate errors will be ignored for this session
JavaScript error: resource://gre/actors/AutoCompleteChild.jsm, line 125: Error: Invalid autocomplete selectedIndex
1620970293333	Marionette	INFO	Stopped listening on port 53953
console.error: Region.jsm: "Error fetching region" (new TypeError("NetworkError when attempting to fetch resource.", ""))
console.error: Region.jsm: "Failed to fetch region" (new Error("NO_RESULT", "resource://gre/modules/Region.jsm", 419))

###!!! [Child][RunMessage] Error: Channel closing: too late to send/recv, messages will be lost

1620971316892	geckodriver	INFO	Listening on 127.0.0.1:54191
1620971319957	mozrunner::runner	INFO	Running command: "C:\\Program Files\\Mozilla Firefox\\firefox.exe" "--marionette" "-foreground" "-no-remote" "-profile" "C:\\Users\\HP\\AppData\\Local\\Temp\\rust_mozprofileydwHiJ"
1620971320815	Marionette	INFO	Marionette enabled
console.warn: SearchSettings: "get: No settings file exists, new profile?" (new Error("", "(unknown module)"))
1620971322849	Marionette	INFO	Listening on port 54199
1620971323148	Marionette	WARN	TLS certificate errors will be ignored for this session
JavaScript error: resource://gre/actors/AutoCompleteChild.jsm, line 125: Error: Invalid autocomplete selectedIndex
1620971324434	Marionette	INFO	Stopped listening on port 54199
console.error: Region.jsm: "Error fetching region" (new TypeError("NetworkError when attempting to fetch resource.", ""))
console.error: Region.jsm: "Failed to fetch region" (new Error("NO_RESULT", "resource://gre/modules/Region.jsm", 419))

###!!! [Child][RunMessage] Error: Channel closing: too late to send/recv, messages will be lost

1620972484825	geckodriver	INFO	Listening on 127.0.0.1:54642
1620972487878	mozrunner::runner	INFO	Running command: "C:\\Program Files\\Mozilla Firefox\\firefox.exe" "--marionette" "-foreground" "-no-remote" "-profile" "C:\\Users\\HP\\AppData\\Local\\Temp\\rust_mozprofileqZwMlb"
1620972488403	Marionette	INFO	Marionette enabled
console.warn: SearchSettings: "get: No settings file exists, new profile?" (new Error("", "(unknown module)"))
1620972490201	Marionette	INFO	Listening on port 54652
1620972490579	Marionette	WARN	TLS certificate errors will be ignored for this session
JavaScript error: resource://gre/actors/AutoCompleteChild.jsm, line 125: Error: Invalid autocomplete selectedIndex
1620972491355	Marionette	INFO	Stopped listening on port 54652
console.error: Region.jsm: "Error fetching region" (new TypeError("NetworkError when attempting to fetch resource.", ""))
console.error: Region.jsm: "Failed to fetch region" (new Error("NO_RESULT", "resource://gre/modules/Region.jsm", 419))

###!!! [Child][RunMessage] Error: Channel closing: too late to send/recv, messages will be lost

1620972491948	geckodriver	INFO	Listening on 127.0.0.1:54670
1620972494969	mozrunner::runner	INFO	Running command: "C:\\Program Files\\Mozilla Firefox\\firefox.exe" "--marionette" "-foreground" "-no-remote" "-profile" "C:\\Users\\HP\\AppData\\Local\\Temp\\rust_mozprofileuq7rw7"
1620972495298	Marionette	INFO	Marionette enabled
console.warn: SearchSettings: "get: No settings file exists, new profile?" (new Error("", "(unknown module)"))
1620972497271	Marionette	INFO	Listening on port 54685
1620972497628	Marionette	WARN	TLS certificate errors will be ignored for this session
JavaScript error: resource://gre/actors/AutoCompleteChild.jsm, line 125: Error: Invalid autocomplete selectedIndex
1620972498293	Marionette	INFO	Stopped listening on port 54685
console.error: Region.jsm: "Error fetching region" (new TypeError("NetworkError when attempting to fetch resource.", ""))
console.error: Region.jsm: "Failed to fetch region" (new Error("NO_RESULT", "resource://gre/modules/Region.jsm", 419))

###!!! [Child][RunMessage] Error: Channel closing: too late to send/recv, messages will be lost

1620972904763	geckodriver	INFO	Listening on 127.0.0.1:54779
1620972907815	mozrunner::runner	INFO	Running command: "C:\\Program Files\\Mozilla Firefox\\firefox.exe" "--marionette" "-foreground" "-no-remote" "-profile" "C:\\Users\\HP\\AppData\\Local\\Temp\\rust_mozprofile3qA96L"
1620972908159	Marionette	INFO	Marionette enabled
console.warn: SearchSettings: "get: No settings file exists, new profile?" (new Error("", "(unknown module)"))
1620972910022	Marionette	INFO	Listening on port 54788
1620972910485	Marionette	WARN	TLS certificate errors will be ignored for this session
JavaScript error: resource://gre/actors/AutoCompleteChild.jsm, line 125: Error: Invalid autocomplete selectedIndex
1620972911776	Marionette	INFO	Stopped listening on port 54788
console.error: Region.jsm: "Error fetching region" (new TypeError("NetworkError when attempting to fetch resource.", ""))
console.error: Region.jsm: "Failed to fetch region" (new Error("NO_RESULT", "resource://gre/modules/Region.jsm", 419))
1620972912332	geckodriver	INFO	Listening on 127.0.0.1:54804
1620972915407	mozrunner::runner	INFO	Running command: "C:\\Program Files\\Mozilla Firefox\\firefox.exe" "--marionette" "-foreground" "-no-remote" "-profile" "C:\\Users\\HP\\AppData\\Local\\Temp\\rust_mozprofilenQVoGr"
1620972915764	Marionette	INFO	Marionette enabled
console.warn: SearchSettings: "get: No settings file exists, new profile?" (new Error("", "(unknown module)"))
1620972917579	Marionette	INFO	Listening on port 54813
1620972918065	Marionette	WARN	TLS certificate errors will be ignored for this session
JavaScript error: resource://gre/actors/AutoCompleteChild.jsm, line 125: Error: Invalid autocomplete selectedIndex
1620972918749	Marionette	INFO	Stopped listening on port 54813
console.error: Region.jsm: "Error fetching region" (new TypeError("NetworkError when attempting to fetch resource.", ""))
console.error: Region.jsm: "Failed to fetch region" (new Error("NO_RESULT", "resource://gre/modules/Region.jsm", 419))
1621574203639	geckodriver	INFO	Listening on 127.0.0.1:61807
1621574206680	mozrunner::runner	INFO	Running command: "C:\\Program Files\\Mozilla Firefox\\firefox.exe" "--marionette" "-foreground" "-no-remote" "-profile" "C:\\Users\\HP\\AppData\\Local\\Temp\\rust_mozprofile0r6bBT"
1621574207519	Marionette	INFO	Marionette enabled
console.warn: SearchSettings: "get: No settings file exists, new profile?" (new Error("", "(unknown module)"))
1621574209810	Marionette	INFO	Listening on port 61816
1621574209924	Marionette	WARN	TLS certificate errors will be ignored for this session
JavaScript error: resource://gre/actors/AutoCompleteChild.jsm, line 125: Error: Invalid autocomplete selectedIndex
1621574215469	Marionette	INFO	Stopped listening on port 61816
1621574220484	geckodriver	INFO	Listening on 127.0.0.1:61867
1621574223535	mozrunner::runner	INFO	Running command: "C:\\Program Files\\Mozilla Firefox\\firefox.exe" "--marionette" "-foreground" "-no-remote" "-profile" "C:\\Users\\HP\\AppData\\Local\\Temp\\rust_mozprofile8YBhS2"
1621574223914	Marionette	INFO	Marionette enabled
console.warn: SearchSettings: "get: No settings file exists, new profile?" (new Error("", "(unknown module)"))
1621574225828	Marionette	INFO	Listening on port 61875
1621574226200	Marionette	WARN	TLS certificate errors will be ignored for this session
JavaScript error: resource://gre/actors/AutoCompleteChild.jsm, line 125: Error: Invalid autocomplete selectedIndex
1621574236385	Marionette	INFO	Stopped listening on port 61875

###!!! [Child][RunMessage] Error: Channel closing: too late to send/recv, messages will be lost

1621574923751	geckodriver	INFO	Listening on 127.0.0.1:62127
1621574926824	mozrunner::runner	INFO	Running command: "C:\\Program Files\\Mozilla Firefox\\firefox.exe" "--marionette" "-foreground" "-no-remote" "-profile" "C:\\Users\\HP\\AppData\\Local\\Temp\\rust_mozprofiledlaj8u"
1621574927267	Marionette	INFO	Marionette enabled
console.warn: SearchSettings: "get: No settings file exists, new profile?" (new Error("", "(unknown module)"))
1621574929101	Marionette	INFO	Listening on port 62135
1621574929499	Marionette	WARN	TLS certificate errors will be ignored for this session
JavaScript error: resource://gre/actors/AutoCompleteChild.jsm, line 125: Error: Invalid autocomplete selectedIndex
1621574940873	Marionette	INFO	Stopped listening on port 62135
1621574941461	geckodriver	INFO	Listening on 127.0.0.1:62194
1621574944535	mozrunner::runner	INFO	Running command: "C:\\Program Files\\Mozilla Firefox\\firefox.exe" "--marionette" "-foreground" "-no-remote" "-profile" "C:\\Users\\HP\\AppData\\Local\\Temp\\rust_mozprofileVh3KM0"
1621574944882	Marionette	INFO	Marionette enabled
console.warn: SearchSettings: "get: No settings file exists, new profile?" (new Error("", "(unknown module)"))
1621574946678	Marionette	INFO	Listening on port 62202
1621574947198	Marionette	WARN	TLS certificate errors will be ignored for this session
JavaScript error: resource://gre/actors/AutoCompleteChild.jsm, line 125: Error: Invalid autocomplete selectedIndex
1621574947858	Marionette	INFO	Stopped listening on port 62202

###!!! [Child][RunMessage] Error: Channel closing: too late to send/recv, messages will be lost

1621574948377	geckodriver	INFO	Listening on 127.0.0.1:62241
1621574951437	mozrunner::runner	INFO	Running command: "C:\\Program Files\\Mozilla Firefox\\firefox.exe" "--marionette" "-foreground" "-no-remote" "-profile" "C:\\Users\\HP\\AppData\\Local\\Temp\\rust_mozprofile17Zz2L"
1621574951811	Marionette	INFO	Marionette enabled
console.warn: SearchSettings: "get: No settings file exists, new profile?" (new Error("", "(unknown module)"))
1621574953810	Marionette	INFO	Listening on port 62249
1621574954102	Marionette	WARN	TLS certificate errors will be ignored for this session
1621574954200	Marionette	INFO	Stopped listening on port 62249
1621575129233	geckodriver	INFO	Listening on 127.0.0.1:62348
1621575132273	mozrunner::runner	INFO	Running command: "C:\\Program Files\\Mozilla Firefox\\firefox.exe" "--marionette" "-foreground" "-no-remote" "-profile" "C:\\Users\\HP\\AppData\\Local\\Temp\\rust_mozprofileII9WLw"
1621575132612	Marionette	INFO	Marionette enabled
console.warn: SearchSettings: "get: No settings file exists, new profile?" (new Error("", "(unknown module)"))
1621575134360	Marionette	INFO	Listening on port 62356
1621575134437	Marionette	WARN	TLS certificate errors will be ignored for this session
JavaScript error: resource://gre/actors/AutoCompleteChild.jsm, line 125: Error: Invalid autocomplete selectedIndex
1621575135239	Marionette	INFO	Stopped listening on port 62356
[Parent 1772, IPC I/O Parent] WARNING: file /builds/worker/checkouts/gecko/ipc/chromium/src/base/process_util_win.cc:167

###!!! [Child][RunMessage] Error: Channel closing: too late to send/recv, messages will be lost

1621575135780	geckodriver	INFO	Listening on 127.0.0.1:62388
1621575138841	mozrunner::runner	INFO	Running command: "C:\\Program Files\\Mozilla Firefox\\firefox.exe" "--marionette" "-foreground" "-no-remote" "-profile" "C:\\Users\\HP\\AppData\\Local\\Temp\\rust_mozprofileGNPxGD"
1621575139169	Marionette	INFO	Marionette enabled
console.warn: SearchSettings: "get: No settings file exists, new profile?" (new Error("", "(unknown module)"))
1621575140894	Marionette	INFO	Listening on port 62397
1621575140995	Marionette	WARN	TLS certificate errors will be ignored for this session
JavaScript error: resource://gre/actors/AutoCompleteChild.jsm, line 125: Error: Invalid autocomplete selectedIndex
1621575141681	Marionette	INFO	Stopped listening on port 62397
[Parent 10336, IPC I/O Parent] WARNING: file /builds/worker/checkouts/gecko/ipc/chromium/src/base/process_util_win.cc:167

###!!! [Child][RunMessage] Error: Channel closing: too late to send/recv, messages will be lost

1621575142198	geckodriver	INFO	Listening on 127.0.0.1:62428
1621575145262	mozrunner::runner	INFO	Running command: "C:\\Program Files\\Mozilla Firefox\\firefox.exe" "--marionette" "-foreground" "-no-remote" "-profile" "C:\\Users\\HP\\AppData\\Local\\Temp\\rust_mozprofileRD7GRN"
1621575145595	Marionette	INFO	Marionette enabled
console.warn: SearchSettings: "get: No settings file exists, new profile?" (new Error("", "(unknown module)"))
1621575147532	Marionette	INFO	Listening on port 62436
1621575147938	Marionette	WARN	TLS certificate errors will be ignored for this session
1621575148060	Marionette	INFO	Stopped listening on port 62436

###!!! [Child][RunMessage] Error: Channel closing: too late to send/recv, messages will be lost

1621576153163	geckodriver	INFO	Listening on 127.0.0.1:62731
1621576156243	mozrunner::runner	INFO	Running command: "C:\\Program Files\\Mozilla Firefox\\firefox.exe" "--marionette" "-foreground" "-no-remote" "-profile" "C:\\Users\\HP\\AppData\\Local\\Temp\\rust_mozprofile1F5dDY"
1621576156663	Marionette	INFO	Marionette enabled
console.warn: SearchSettings: "get: No settings file exists, new profile?" (new Error("", "(unknown module)"))
1621576158450	Marionette	INFO	Listening on port 62739
1621576158898	Marionette	WARN	TLS certificate errors will be ignored for this session
JavaScript error: resource://gre/actors/AutoCompleteChild.jsm, line 125: Error: Invalid autocomplete selectedIndex
1621576159653	Marionette	INFO	Stopped listening on port 62739
[Parent 17176, IPC I/O Parent] WARNING: file /builds/worker/checkouts/gecko/ipc/chromium/src/base/process_util_win.cc:167

###!!! [Child][RunMessage] Error: Channel closing: too late to send/recv, messages will be lost

1621576160197	geckodriver	INFO	Listening on 127.0.0.1:62771
1621576163272	mozrunner::runner	INFO	Running command: "C:\\Program Files\\Mozilla Firefox\\firefox.exe" "--marionette" "-foreground" "-no-remote" "-profile" "C:\\Users\\HP\\AppData\\Local\\Temp\\rust_mozprofilejamA34"
1621576163605	Marionette	INFO	Marionette enabled
console.warn: SearchSettings: "get: No settings file exists, new profile?" (new Error("", "(unknown module)"))
1621576165473	Marionette	INFO	Listening on port 62779
1621576165943	Marionette	WARN	TLS certificate errors will be ignored for this session
JavaScript error: resource://gre/actors/AutoCompleteChild.jsm, line 125: Error: Invalid autocomplete selectedIndex
1621576166604	Marionette	INFO	Stopped listening on port 62779
[Parent 17780, IPC I/O Parent] WARNING: file /builds/worker/checkouts/gecko/ipc/chromium/src/base/process_util_win.cc:167

###!!! [Child][RunMessage] Error: Channel closing: too late to send/recv, messages will be lost

1621576167129	geckodriver	INFO	Listening on 127.0.0.1:62810
1621576170205	mozrunner::runner	INFO	Running command: "C:\\Program Files\\Mozilla Firefox\\firefox.exe" "--marionette" "-foreground" "-no-remote" "-profile" "C:\\Users\\HP\\AppData\\Local\\Temp\\rust_mozprofileWnj2OB"
1621576170535	Marionette	INFO	Marionette enabled
console.warn: SearchSettings: "get: No settings file exists, new profile?" (new Error("", "(unknown module)"))
1621576172371	Marionette	INFO	Listening on port 62819
1621576172891	Marionette	WARN	TLS certificate errors will be ignored for this session
JavaScript error: resource://gre/actors/AutoCompleteChild.jsm, line 125: Error: Invalid autocomplete selectedIndex
1621576183294	Marionette	INFO	Stopped listening on port 62819
1621577356595	geckodriver	INFO	Listening on 127.0.0.1:63141
1621577359673	mozrunner::runner	INFO	Running command: "C:\\Program Files\\Mozilla Firefox\\firefox.exe" "--marionette" "-foreground" "-no-remote" "-profile" "C:\\Users\\HP\\AppData\\Local\\Temp\\rust_mozprofilehf5KC5"
1621577360123	Marionette	INFO	Marionette enabled
console.warn: SearchSettings: "get: No settings file exists, new profile?" (new Error("", "(unknown module)"))
1621577361946	Marionette	INFO	Listening on port 63150
1621577362357	Marionette	WARN	TLS certificate errors will be ignored for this session
JavaScript error: resource://gre/actors/AutoCompleteChild.jsm, line 125: Error: Invalid autocomplete selectedIndex
1621577363128	Marionette	INFO	Stopped listening on port 63150
[Parent 660, IPC I/O Parent] WARNING: file /builds/worker/checkouts/gecko/ipc/chromium/src/base/process_util_win.cc:167
1621577363696	geckodriver	INFO	Listening on 127.0.0.1:63184
1621577366773	mozrunner::runner	INFO	Running command: "C:\\Program Files\\Mozilla Firefox\\firefox.exe" "--marionette" "-foreground" "-no-remote" "-profile" "C:\\Users\\HP\\AppData\\Local\\Temp\\rust_mozprofile5oVOk9"
1621577367105	Marionette	INFO	Marionette enabled
console.warn: SearchSettings: "get: No settings file exists, new profile?" (new Error("", "(unknown module)"))
1621577369077	Marionette	INFO	Listening on port 63192
1621577369437	Marionette	WARN	TLS certificate errors will be ignored for this session
JavaScript error: resource://gre/actors/AutoCompleteChild.jsm, line 125: Error: Invalid autocomplete selectedIndex
1621577370114	Marionette	INFO	Stopped listening on port 63192
[Parent 15180, IPC I/O Parent] WARNING: file /builds/worker/checkouts/gecko/ipc/chromium/src/base/process_util_win.cc:167
1621577370653	geckodriver	INFO	Listening on 127.0.0.1:63228
1621577373731	mozrunner::runner	INFO	Running command: "C:\\Program Files\\Mozilla Firefox\\firefox.exe" "--marionette" "-foreground" "-no-remote" "-profile" "C:\\Users\\HP\\AppData\\Local\\Temp\\rust_mozprofileHdgcIT"
1621577374052	Marionette	INFO	Marionette enabled
console.warn: SearchSettings: "get: No settings file exists, new profile?" (new Error("", "(unknown module)"))
1621577375997	Marionette	INFO	Listening on port 63236
1621577376381	Marionette	WARN	TLS certificate errors will be ignored for this session
JavaScript error: resource://gre/actors/AutoCompleteChild.jsm, line 125: Error: Invalid autocomplete selectedIndex
1621577386887	Marionette	INFO	Stopped listening on port 63236

###!!! [Child][RunMessage] Error: Channel closing: too late to send/recv, messages will be lost

1621577669224	geckodriver	INFO	Listening on 127.0.0.1:63349
1621577672315	mozrunner::runner	INFO	Running command: "C:\\Program Files\\Mozilla Firefox\\firefox.exe" "--marionette" "-foreground" "-no-remote" "-profile" "C:\\Users\\HP\\AppData\\Local\\Temp\\rust_mozprofilegn0cJA"
1621577672646	Marionette	INFO	Marionette enabled
console.warn: SearchSettings: "get: No settings file exists, new profile?" (new Error("", "(unknown module)"))
1621577674450	Marionette	INFO	Listening on port 63358
1621577674481	Marionette	WARN	TLS certificate errors will be ignored for this session
JavaScript error: resource://gre/actors/AutoCompleteChild.jsm, line 125: Error: Invalid autocomplete selectedIndex
1621577684954	Marionette	INFO	Stopped listening on port 63358
1621577685549	geckodriver	INFO	Listening on 127.0.0.1:63406
1621577688620	mozrunner::runner	INFO	Running command: "C:\\Program Files\\Mozilla Firefox\\firefox.exe" "--marionette" "-foreground" "-no-remote" "-profile" "C:\\Users\\HP\\AppData\\Local\\Temp\\rust_mozprofileAOnITC"
1621577688942	Marionette	INFO	Marionette enabled
console.warn: SearchSettings: "get: No settings file exists, new profile?" (new Error("", "(unknown module)"))
1621577690853	Marionette	INFO	Listening on port 63415
1621577691288	Marionette	WARN	TLS certificate errors will be ignored for this session
JavaScript error: resource://gre/actors/AutoCompleteChild.jsm, line 125: Error: Invalid autocomplete selectedIndex
1621577701698	Marionette	INFO	Stopped listening on port 63415

###!!! [Child][RunMessage] Error: Channel closing: too late to send/recv, messages will be lost

1621577779036	geckodriver	INFO	Listening on 127.0.0.1:63483
1621577782122	mozrunner::runner	INFO	Running command: "C:\\Program Files\\Mozilla Firefox\\firefox.exe" "--marionette" "-foreground" "-no-remote" "-profile" "C:\\Users\\HP\\AppData\\Local\\Temp\\rust_mozprofilerIqbsO"
1621577782464	Marionette	INFO	Marionette enabled
console.warn: SearchSettings: "get: No settings file exists, new profile?" (new Error("", "(unknown module)"))
1621577784337	Marionette	INFO	Listening on port 63491
1621577784783	Marionette	WARN	TLS certificate errors will be ignored for this session
JavaScript error: resource://gre/actors/AutoCompleteChild.jsm, line 125: Error: Invalid autocomplete selectedIndex
1621577785509	Marionette	INFO	Stopped listening on port 63491
[Parent 1052, IPC I/O Parent] WARNING: file /builds/worker/checkouts/gecko/ipc/chromium/src/base/process_util_win.cc:167

###!!! [Child][RunMessage] Error: Channel closing: too late to send/recv, messages will be lost

1621577786074	geckodriver	INFO	Listening on 127.0.0.1:63524
1621577789152	mozrunner::runner	INFO	Running command: "C:\\Program Files\\Mozilla Firefox\\firefox.exe" "--marionette" "-foreground" "-no-remote" "-profile" "C:\\Users\\HP\\AppData\\Local\\Temp\\rust_mozprofiley9p2wH"
1621577789480	Marionette	INFO	Marionette enabled
console.warn: SearchSettings: "get: No settings file exists, new profile?" (new Error("", "(unknown module)"))
1621577791237	Marionette	INFO	Listening on port 63534
1621577791317	Marionette	WARN	TLS certificate errors will be ignored for this session
JavaScript error: resource://gre/actors/AutoCompleteChild.jsm, line 125: Error: Invalid autocomplete selectedIndex
1621577791990	Marionette	INFO	Stopped listening on port 63534
console.error: services.settings: 
  main/fxmonitor-breaches Signature failed  TypeError: NetworkError when attempting to fetch resource.
1621577792536	geckodriver	INFO	Listening on 127.0.0.1:63565
1621577795601	mozrunner::runner	INFO	Running command: "C:\\Program Files\\Mozilla Firefox\\firefox.exe" "--marionette" "-foreground" "-no-remote" "-profile" "C:\\Users\\HP\\AppData\\Local\\Temp\\rust_mozprofilevLngEL"
1621577795933	Marionette	INFO	Marionette enabled
console.warn: SearchSettings: "get: No settings file exists, new profile?" (new Error("", "(unknown module)"))
1621577797748	Marionette	INFO	Listening on port 63573
1621577798256	Marionette	WARN	TLS certificate errors will be ignored for this session
JavaScript error: resource://gre/actors/AutoCompleteChild.jsm, line 125: Error: Invalid autocomplete selectedIndex
1621577808808	Marionette	INFO	Stopped listening on port 63573

###!!! [Child][RunMessage] Error: Channel closing: too late to send/recv, messages will be lost

1622181074979	geckodriver	INFO	Listening on 127.0.0.1:62128
1622181078044	mozrunner::runner	INFO	Running command: "C:\\Program Files\\Mozilla Firefox\\firefox.exe" "--marionette" "-foreground" "-no-remote" "-profile" "C:\\Users\\HP\\AppData\\Local\\Temp\\rust_mozprofileMDqwwr"
1622181078841	Marionette	INFO	Marionette enabled
console.warn: SearchSettings: "get: No settings file exists, new profile?" (new Error("", "(unknown module)"))
1622181081031	Marionette	INFO	Listening on port 62137
1622181081284	Marionette	WARN	TLS certificate errors will be ignored for this session
JavaScript error: resource://gre/actors/AutoCompleteChild.jsm, line 125: Error: Invalid autocomplete selectedIndex
1622181082116	Marionette	INFO	Stopped listening on port 62137
[Parent 9700, IPC I/O Parent] WARNING: file /builds/worker/checkouts/gecko/ipc/chromium/src/base/process_util_win.cc:167

###!!! [Child][RunMessage] Error: Channel closing: too late to send/recv, messages will be lost

1622181082698	geckodriver	INFO	Listening on 127.0.0.1:62174
1622181085772	mozrunner::runner	INFO	Running command: "C:\\Program Files\\Mozilla Firefox\\firefox.exe" "--marionette" "-foreground" "-no-remote" "-profile" "C:\\Users\\HP\\AppData\\Local\\Temp\\rust_mozprofileTYkIOT"
1622181086110	Marionette	INFO	Marionette enabled
console.warn: SearchSettings: "get: No settings file exists, new profile?" (new Error("", "(unknown module)"))
1622181088032	Marionette	INFO	Listening on port 62183
1622181088433	Marionette	WARN	TLS certificate errors will be ignored for this session
JavaScript error: resource://gre/actors/AutoCompleteChild.jsm, line 125: Error: Invalid autocomplete selectedIndex
1622181089108	Marionette	INFO	Stopped listening on port 62183

###!!! [Child][RunMessage] Error: Channel closing: too late to send/recv, messages will be lost

1622181089641	geckodriver	INFO	Listening on 127.0.0.1:62215
1622181092711	mozrunner::runner	INFO	Running command: "C:\\Program Files\\Mozilla Firefox\\firefox.exe" "--marionette" "-foreground" "-no-remote" "-profile" "C:\\Users\\HP\\AppData\\Local\\Temp\\rust_mozprofileSjYbny"
1622181093070	Marionette	INFO	Marionette enabled
console.warn: SearchSettings: "get: No settings file exists, new profile?" (new Error("", "(unknown module)"))
1622181095073	Marionette	INFO	Listening on port 62223
1622181095364	Marionette	WARN	TLS certificate errors will be ignored for this session
JavaScript error: resource://gre/actors/AutoCompleteChild.jsm, line 125: Error: Invalid autocomplete selectedIndex
1622181105967	Marionette	INFO	Stopped listening on port 62223

###!!! [Child][RunMessage] Error: Channel closing: too late to send/recv, messages will be lost

1622182565630	geckodriver	INFO	Listening on 127.0.0.1:62581
1622182568687	mozrunner::runner	INFO	Running command: "C:\\Program Files\\Mozilla Firefox\\firefox.exe" "--marionette" "-foreground" "-no-remote" "-profile" "C:\\Users\\HP\\AppData\\Local\\Temp\\rust_mozprofileL6YNJK"
1622182569075	Marionette	INFO	Marionette enabled
console.warn: SearchSettings: "get: No settings file exists, new profile?" (new Error("", "(unknown module)"))
1622182570946	Marionette	INFO	Listening on port 62591
1622182571346	Marionette	WARN	TLS certificate errors will be ignored for this session
JavaScript error: resource://gre/actors/AutoCompleteChild.jsm, line 125: Error: Invalid autocomplete selectedIndex
1622182582435	Marionette	INFO	Stopped listening on port 62591

###!!! [Child][RunMessage] Error: Channel closing: too late to send/recv, messages will be lost

1622182583027	geckodriver	INFO	Listening on 127.0.0.1:62637
1622182586072	mozrunner::runner	INFO	Running command: "C:\\Program Files\\Mozilla Firefox\\firefox.exe" "--marionette" "-foreground" "-no-remote" "-profile" "C:\\Users\\HP\\AppData\\Local\\Temp\\rust_mozprofileobvBMZ"
1622182586414	Marionette	INFO	Marionette enabled
console.warn: SearchSettings: "get: No settings file exists, new profile?" (new Error("", "(unknown module)"))
1622182588226	Marionette	INFO	Listening on port 62649
1622182588250	Marionette	WARN	TLS certificate errors will be ignored for this session
JavaScript error: resource://gre/actors/AutoCompleteChild.jsm, line 125: Error: Invalid autocomplete selectedIndex
1622182588977	Marionette	INFO	Stopped listening on port 62649
[Parent 18408, IPC I/O Parent] WARNING: file /builds/worker/checkouts/gecko/ipc/chromium/src/base/process_util_win.cc:167
1622182589522	geckodriver	INFO	Listening on 127.0.0.1:62679
1622182592589	mozrunner::runner	INFO	Running command: "C:\\Program Files\\Mozilla Firefox\\firefox.exe" "--marionette" "-foreground" "-no-remote" "-profile" "C:\\Users\\HP\\AppData\\Local\\Temp\\rust_mozprofileovlhtk"
1622182592937	Marionette	INFO	Marionette enabled
console.warn: SearchSettings: "get: No settings file exists, new profile?" (new Error("", "(unknown module)"))
1622182594857	Marionette	INFO	Listening on port 62687
1622182595254	Marionette	WARN	TLS certificate errors will be ignored for this session
JavaScript error: resource://gre/actors/AutoCompleteChild.jsm, line 125: Error: Invalid autocomplete selectedIndex
1622182595947	Marionette	INFO	Stopped listening on port 62687
1622182730844	geckodriver	INFO	Listening on 127.0.0.1:62741
1622182733920	mozrunner::runner	INFO	Running command: "C:\\Program Files\\Mozilla Firefox\\firefox.exe" "--marionette" "-foreground" "-no-remote" "-profile" "C:\\Users\\HP\\AppData\\Local\\Temp\\rust_mozprofiletk0lPo"
1622182734250	Marionette	INFO	Marionette enabled
console.warn: SearchSettings: "get: No settings file exists, new profile?" (new Error("", "(unknown module)"))
1622182736078	Marionette	INFO	Listening on port 62749
1622182736605	Marionette	WARN	TLS certificate errors will be ignored for this session
JavaScript error: resource://gre/actors/AutoCompleteChild.jsm, line 125: Error: Invalid autocomplete selectedIndex
1622182747673	Marionette	INFO	Stopped listening on port 62749
1622182748282	geckodriver	INFO	Listening on 127.0.0.1:62798
1622182751358	mozrunner::runner	INFO	Running command: "C:\\Program Files\\Mozilla Firefox\\firefox.exe" "--marionette" "-foreground" "-no-remote" "-profile" "C:\\Users\\HP\\AppData\\Local\\Temp\\rust_mozprofileVSKOGO"
1622182751689	Marionette	INFO	Marionette enabled
console.warn: SearchSettings: "get: No settings file exists, new profile?" (new Error("", "(unknown module)"))
1622182753457	Marionette	INFO	Listening on port 62806
1622182753532	Marionette	WARN	TLS certificate errors will be ignored for this session
JavaScript error: resource://gre/actors/AutoCompleteChild.jsm, line 125: Error: Invalid autocomplete selectedIndex
1622182754218	Marionette	INFO	Stopped listening on port 62806
[Parent 17852, IPC I/O Parent] WARNING: file /builds/worker/checkouts/gecko/ipc/chromium/src/base/process_util_win.cc:167

###!!! [Child][RunMessage] Error: Channel closing: too late to send/recv, messages will be lost

1622182754745	geckodriver	INFO	Listening on 127.0.0.1:62836
1622182757812	mozrunner::runner	INFO	Running command: "C:\\Program Files\\Mozilla Firefox\\firefox.exe" "--marionette" "-foreground" "-no-remote" "-profile" "C:\\Users\\HP\\AppData\\Local\\Temp\\rust_mozprofile18ne6k"
1622182758147	Marionette	INFO	Marionette enabled
console.warn: SearchSettings: "get: No settings file exists, new profile?" (new Error("", "(unknown module)"))
1622182759952	Marionette	INFO	Listening on port 62845
1622182759967	Marionette	WARN	TLS certificate errors will be ignored for this session
JavaScript error: resource://gre/actors/AutoCompleteChild.jsm, line 125: Error: Invalid autocomplete selectedIndex
1622182760688	Marionette	INFO	Stopped listening on port 62845
[Parent 13840, IPC I/O Parent] WARNING: file /builds/worker/checkouts/gecko/ipc/chromium/src/base/process_util_win.cc:167

###!!! [Child][RunMessage] Error: Channel closing: too late to send/recv, messages will be lost

1622183151245	geckodriver	INFO	Listening on 127.0.0.1:62961
1622183154310	mozrunner::runner	INFO	Running command: "C:\\Program Files\\Mozilla Firefox\\firefox.exe" "--marionette" "-foreground" "-no-remote" "-profile" "C:\\Users\\HP\\AppData\\Local\\Temp\\rust_mozprofilejVWitJ"
1622183154668	Marionette	INFO	Marionette enabled
console.warn: SearchSettings: "get: No settings file exists, new profile?" (new Error("", "(unknown module)"))
1622183156555	Marionette	INFO	Listening on port 62969
1622183156964	Marionette	WARN	TLS certificate errors will be ignored for this session
JavaScript error: resource://gre/actors/AutoCompleteChild.jsm, line 125: Error: Invalid autocomplete selectedIndex
1622183167992	Marionette	INFO	Stopped listening on port 62969

###!!! [Child][RunMessage] Error: Channel closing: too late to send/recv, messages will be lost

1622183168565	geckodriver	INFO	Listening on 127.0.0.1:63017
1622183171631	mozrunner::runner	INFO	Running command: "C:\\Program Files\\Mozilla Firefox\\firefox.exe" "--marionette" "-foreground" "-no-remote" "-profile" "C:\\Users\\HP\\AppData\\Local\\Temp\\rust_mozprofileZ3js09"
1622183171989	Marionette	INFO	Marionette enabled
console.warn: SearchSettings: "get: No settings file exists, new profile?" (new Error("", "(unknown module)"))
1622183173911	Marionette	INFO	Listening on port 63025
1622183174295	Marionette	WARN	TLS certificate errors will be ignored for this session
JavaScript error: resource://gre/actors/AutoCompleteChild.jsm, line 125: Error: Invalid autocomplete selectedIndex
1622183174969	Marionette	INFO	Stopped listening on port 63025
console.warn: services.settings: main/cfr sync interrupted by shutdown
[Parent 13972, IPC I/O Parent] WARNING: file /builds/worker/checkouts/gecko/ipc/chromium/src/base/process_util_win.cc:167
1622183175529	geckodriver	INFO	Listening on 127.0.0.1:63062
1622183178601	mozrunner::runner	INFO	Running command: "C:\\Program Files\\Mozilla Firefox\\firefox.exe" "--marionette" "-foreground" "-no-remote" "-profile" "C:\\Users\\HP\\AppData\\Local\\Temp\\rust_mozprofile1cRuTW"
1622183178942	Marionette	INFO	Marionette enabled
console.warn: SearchSettings: "get: No settings file exists, new profile?" (new Error("", "(unknown module)"))
1622183180756	Marionette	INFO	Listening on port 63071
1622183181276	Marionette	WARN	TLS certificate errors will be ignored for this session
JavaScript error: resource://gre/actors/AutoCompleteChild.jsm, line 125: Error: Invalid autocomplete selectedIndex
1622183182018	Marionette	INFO	Stopped listening on port 63071
console.error: services.settings: 
  main/cfr-fxa Signature failed  TypeError: NetworkError when attempting to fetch resource.

###!!! [Child][RunMessage] Error: Channel closing: too late to send/recv, messages will be lost

1622183742904	geckodriver	INFO	Listening on 127.0.0.1:63206
1622183745978	mozrunner::runner	INFO	Running command: "C:\\Program Files\\Mozilla Firefox\\firefox.exe" "--marionette" "-foreground" "-no-remote" "-profile" "C:\\Users\\HP\\AppData\\Local\\Temp\\rust_mozprofilet7UL8m"
1622183746331	Marionette	INFO	Marionette enabled
console.warn: SearchSettings: "get: No settings file exists, new profile?" (new Error("", "(unknown module)"))
1622183748134	Marionette	INFO	Listening on port 63215
1622183748644	Marionette	WARN	TLS certificate errors will be ignored for this session
JavaScript error: resource://gre/actors/AutoCompleteChild.jsm, line 125: Error: Invalid autocomplete selectedIndex
1622183759703	Marionette	INFO	Stopped listening on port 63215
1622183760306	geckodriver	INFO	Listening on 127.0.0.1:63264
1622183763394	mozrunner::runner	INFO	Running command: "C:\\Program Files\\Mozilla Firefox\\firefox.exe" "--marionette" "-foreground" "-no-remote" "-profile" "C:\\Users\\HP\\AppData\\Local\\Temp\\rust_mozprofilewtC6l6"
1622183763767	Marionette	INFO	Marionette enabled
console.warn: SearchSettings: "get: No settings file exists, new profile?" (new Error("", "(unknown module)"))
1622183765522	Marionette	INFO	Listening on port 63272
1622183765555	Marionette	WARN	TLS certificate errors will be ignored for this session
JavaScript error: resource://gre/actors/AutoCompleteChild.jsm, line 125: Error: Invalid autocomplete selectedIndex
1622183766267	Marionette	INFO	Stopped listening on port 63272
[Parent 3552, IPC I/O Parent] WARNING: file /builds/worker/checkouts/gecko/ipc/chromium/src/base/process_util_win.cc:167
1622183766799	geckodriver	INFO	Listening on 127.0.0.1:63301
1622183769849	mozrunner::runner	INFO	Running command: "C:\\Program Files\\Mozilla Firefox\\firefox.exe" "--marionette" "-foreground" "-no-remote" "-profile" "C:\\Users\\HP\\AppData\\Local\\Temp\\rust_mozprofileKhS890"
1622183770191	Marionette	INFO	Marionette enabled
console.warn: SearchSettings: "get: No settings file exists, new profile?" (new Error("", "(unknown module)"))
1622183772048	Marionette	INFO	Listening on port 63309
1622183772505	Marionette	WARN	TLS certificate errors will be ignored for this session
JavaScript error: resource://gre/actors/AutoCompleteChild.jsm, line 125: Error: Invalid autocomplete selectedIndex
1622183773194	Marionette	INFO	Stopped listening on port 63309
[Parent 18272, IPC I/O Parent] WARNING: file /builds/worker/checkouts/gecko/ipc/chromium/src/base/process_util_win.cc:167
1622784355593	geckodriver	INFO	Listening on 127.0.0.1:52967
1622784358634	mozrunner::runner	INFO	Running command: "C:\\Program Files\\Mozilla Firefox\\firefox.exe" "--marionette" "-foreground" "-no-remote" "-profile" "C:\\Users\\HP\\AppData\\Local\\Temp\\rust_mozprofileXMVouv"
1622784359442	Marionette	INFO	Marionette enabled
console.warn: SearchSettings: "get: No settings file exists, new profile?" (new Error("", "(unknown module)"))
1622784361564	Marionette	INFO	Listening on port 52976
1622784361818	Marionette	WARN	TLS certificate errors will be ignored for this session
JavaScript error: resource://gre/actors/AutoCompleteChild.jsm, line 125: Error: Invalid autocomplete selectedIndex
1622784362674	Marionette	INFO	Stopped listening on port 52976
1622784363233	geckodriver	INFO	Listening on 127.0.0.1:53007
1622784366299	mozrunner::runner	INFO	Running command: "C:\\Program Files\\Mozilla Firefox\\firefox.exe" "--marionette" "-foreground" "-no-remote" "-profile" "C:\\Users\\HP\\AppData\\Local\\Temp\\rust_mozprofileOHJBBF"
1622784366643	Marionette	INFO	Marionette enabled
console.warn: SearchSettings: "get: No settings file exists, new profile?" (new Error("", "(unknown module)"))
1622784368664	Marionette	INFO	Listening on port 53015
1622784368971	Marionette	WARN	TLS certificate errors will be ignored for this session
JavaScript error: resource://gre/actors/AutoCompleteChild.jsm, line 125: Error: Invalid autocomplete selectedIndex
1622784369605	Marionette	INFO	Stopped listening on port 53015
1622784370219	geckodriver	INFO	Listening on 127.0.0.1:53049
1622784373274	mozrunner::runner	INFO	Running command: "C:\\Program Files\\Mozilla Firefox\\firefox.exe" "--marionette" "-foreground" "-no-remote" "-profile" "C:\\Users\\HP\\AppData\\Local\\Temp\\rust_mozprofileH4HCiW"
1622784373598	Marionette	INFO	Marionette enabled
console.warn: SearchSettings: "get: No settings file exists, new profile?" (new Error("", "(unknown module)"))
1622784375377	Marionette	INFO	Listening on port 53057
1622784375419	Marionette	WARN	TLS certificate errors will be ignored for this session
JavaScript error: resource://gre/actors/AutoCompleteChild.jsm, line 125: Error: Invalid autocomplete selectedIndex
1622784376109	Marionette	INFO	Stopped listening on port 53057
console.warn: services.settings: main/cfr sync interrupted by shutdown

###!!! [Child][RunMessage] Error: Channel closing: too late to send/recv, messages will be lost

1622784500844	geckodriver	INFO	Listening on 127.0.0.1:53111
1622784503904	mozrunner::runner	INFO	Running command: "C:\\Program Files\\Mozilla Firefox\\firefox.exe" "--marionette" "-foreground" "-no-remote" "-profile" "C:\\Users\\HP\\AppData\\Local\\Temp\\rust_mozprofilef7ri0x"
1622784504258	Marionette	INFO	Marionette enabled
console.warn: SearchSettings: "get: No settings file exists, new profile?" (new Error("", "(unknown module)"))
1622784505958	Marionette	INFO	Listening on port 53119
1622784506071	Marionette	WARN	TLS certificate errors will be ignored for this session
JavaScript error: resource://gre/actors/AutoCompleteChild.jsm, line 125: Error: Invalid autocomplete selectedIndex
1622784506831	Marionette	INFO	Stopped listening on port 53119
[Parent 11008, IPC I/O Parent] WARNING: file /builds/worker/checkouts/gecko/ipc/chromium/src/base/process_util_win.cc:167
1622784507385	geckodriver	INFO	Listening on 127.0.0.1:53149
1622784510443	mozrunner::runner	INFO	Running command: "C:\\Program Files\\Mozilla Firefox\\firefox.exe" "--marionette" "-foreground" "-no-remote" "-profile" "C:\\Users\\HP\\AppData\\Local\\Temp\\rust_mozprofileiydtRp"
1622784510768	Marionette	INFO	Marionette enabled
console.warn: SearchSettings: "get: No settings file exists, new profile?" (new Error("", "(unknown module)"))
1622784512486	Marionette	INFO	Listening on port 53158
1622784512601	Marionette	WARN	TLS certificate errors will be ignored for this session
JavaScript error: resource://gre/actors/AutoCompleteChild.jsm, line 125: Error: Invalid autocomplete selectedIndex
1622784513312	Marionette	INFO	Stopped listening on port 53158

###!!! [Child][RunMessage] Error: Channel closing: too late to send/recv, messages will be lost

1622784513841	geckodriver	INFO	Listening on 127.0.0.1:53188
1622784516897	mozrunner::runner	INFO	Running command: "C:\\Program Files\\Mozilla Firefox\\firefox.exe" "--marionette" "-foreground" "-no-remote" "-profile" "C:\\Users\\HP\\AppData\\Local\\Temp\\rust_mozprofile91kh77"
1622784517225	Marionette	INFO	Marionette enabled
console.warn: SearchSettings: "get: No settings file exists, new profile?" (new Error("", "(unknown module)"))
1622784519022	Marionette	INFO	Listening on port 53197
1622784519069	Marionette	WARN	TLS certificate errors will be ignored for this session
JavaScript error: resource://gre/actors/AutoCompleteChild.jsm, line 125: Error: Invalid autocomplete selectedIndex
1622784519780	Marionette	INFO	Stopped listening on port 53197

###!!! [Child][RunMessage] Error: Channel closing: too late to send/recv, messages will be lost

